# JRE version: Java(TM) SE Runtime Environment (17.0.12+8) (build 17.0.12+8-LTS-286)
# Java VM: Java HotSpot(TM) 64-Bit Server VM (17.0.12+8-LTS-286, mixed mode, sharing, tiered, compressed oops, compressed class ptrs, g1 gc, windows-amd64)
GC Precious Log:
 CPUs: 8 total, 8 available
 Memory: 16225M
 Large Page Support: Disabled
 NUMA Support: Disabled
 Compressed Oops: Enabled (32-bit)
 Heap Region Size: 1M
 Heap Min Capacity: 8M
 Heap Initial Capacity: 254M
 Heap Max Capacity: 2G
 Pre-touch: Disabled
 Parallel Workers: 8
 Concurrent Workers: 2
 Concurrent Refinement Workers: 8
 Periodic GC: Disabled
Heap:
 garbage-first heap   total 429056K, used 365652K [0x0000000080000000, 0x0000000100000000)
  region size 1024K, 60 young (61440K), 8 survivors (8192K)
 Metaspace       used 111988K, committed 114048K, reserved 557056K
  class space    used 15627K, committed 16576K, reserved 425984K
GC Heap History (20 events):
Event: 25.897 GC heap before
{Heap before GC invocations=48 (full 0):
 garbage-first heap   total 359424K, used 301330K [0x0000000080000000, 0x0000000100000000)
  region size 1024K, 46 young (47104K), 3 survivors (3072K)
 Metaspace       used 108772K, committed 110592K, reserved 557056K
  class space    used 15262K, committed 16128K, reserved 425984K
}
Event: 25.903 GC heap after
{Heap after GC invocations=49 (full 0):
 garbage-first heap   total 359424K, used 263578K [0x0000000080000000, 0x0000000100000000)
  region size 1024K, 6 young (6144K), 6 survivors (6144K)
 Metaspace       used 108772K, committed 110592K, reserved 557056K
  class space    used 15262K, committed 16128K, reserved 425984K
}
Event: 26.165 GC heap before
{Heap before GC invocations=49 (full 0):
 garbage-first heap   total 359424K, used 303514K [0x0000000080000000, 0x0000000100000000)
  region size 1024K, 45 young (46080K), 6 survivors (6144K)
 Metaspace       used 109723K, committed 111488K, reserved 557056K
  class space    used 15377K, committed 16192K, reserved 425984K
}
Event: 26.172 GC heap after
{Heap after GC invocations=50 (full 0):
 garbage-first heap   total 359424K, used 274049K [0x0000000080000000, 0x0000000100000000)
  region size 1024K, 6 young (6144K), 6 survivors (6144K)
 Metaspace       used 109723K, committed 111488K, reserved 557056K
  class space    used 15377K, committed 16192K, reserved 425984K
}
Event: 26.346 GC heap before
{Heap before GC invocations=50 (full 0):
 garbage-first heap   total 359424K, used 305793K [0x0000000080000000, 0x0000000100000000)
  region size 1024K, 37 young (37888K), 6 survivors (6144K)
 Metaspace       used 110271K, committed 112192K, reserved 557056K
  class space    used 15447K, committed 16320K, reserved 425984K
}
Event: 26.353 GC heap after
{Heap after GC invocations=51 (full 0):
 garbage-first heap   total 359424K, used 280780K [0x0000000080000000, 0x0000000100000000)
  region size 1024K, 5 young (5120K), 5 survivors (5120K)
 Metaspace       used 110271K, committed 112192K, reserved 557056K
  class space    used 15447K, committed 16320K, reserved 425984K
}
Event: 26.507 GC heap before
{Heap before GC invocations=51 (full 0):
 garbage-first heap   total 359424K, used 307404K [0x0000000080000000, 0x0000000100000000)
  region size 1024K, 31 young (31744K), 5 survivors (5120K)
 Metaspace       used 110415K, committed 112320K, reserved 557056K
  class space    used 15456K, committed 16320K, reserved 425984K
}
Event: 26.512 GC heap after
{Heap after GC invocations=52 (full 0):
 garbage-first heap   total 359424K, used 283866K [0x0000000080000000, 0x0000000100000000)
  region size 1024K, 3 young (3072K), 3 survivors (3072K)
 Metaspace       used 110415K, committed 112320K, reserved 557056K
  class space    used 15456K, committed 16320K, reserved 425984K
}
Event: 26.657 GC heap before
{Heap before GC invocations=52 (full 0):
 garbage-first heap   total 359424K, used 310490K [0x0000000080000000, 0x0000000100000000)
  region size 1024K, 29 young (29696K), 3 survivors (3072K)
 Metaspace       used 110514K, committed 112448K, reserved 557056K
  class space    used 15456K, committed 16320K, reserved 425984K
}
Event: 26.661 GC heap after
{Heap after GC invocations=53 (full 0):
 garbage-first heap   total 429056K, used 286896K [0x0000000080000000, 0x0000000100000000)
  region size 1024K, 3 young (3072K), 3 survivors (3072K)
 Metaspace       used 110514K, committed 112448K, reserved 557056K
  class space    used 15456K, committed 16320K, reserved 425984K
}
Event: 26.994 GC heap before
{Heap before GC invocations=53 (full 0):
 garbage-first heap   total 429056K, used 358576K [0x0000000080000000, 0x0000000100000000)
  region size 1024K, 73 young (74752K), 3 survivors (3072K)
 Metaspace       used 110743K, committed 112704K, reserved 557056K
  class space    used 15483K, committed 16384K, reserved 425984K
}
Event: 26.998 GC heap after
{Heap after GC invocations=54 (full 0):
 garbage-first heap   total 429056K, used 292309K [0x0000000080000000, 0x0000000100000000)
  region size 1024K, 9 young (9216K), 9 survivors (9216K)
 Metaspace       used 110743K, committed 112704K, reserved 557056K
  class space    used 15483K, committed 16384K, reserved 425984K
}
Event: 27.287 GC heap before
{Heap before GC invocations=54 (full 0):
 garbage-first heap   total 429056K, used 360917K [0x0000000080000000, 0x0000000100000000)
  region size 1024K, 76 young (77824K), 9 survivors (9216K)
 Metaspace       used 110983K, committed 113024K, reserved 557056K
  class space    used 15511K, committed 16448K, reserved 425984K
}
Event: 27.293 GC heap after
{Heap after GC invocations=55 (full 0):
 garbage-first heap   total 429056K, used 299620K [0x0000000080000000, 0x0000000100000000)
  region size 1024K, 8 young (8192K), 8 survivors (8192K)
 Metaspace       used 110983K, committed 113024K, reserved 557056K
  class space    used 15511K, committed 16448K, reserved 425984K
}
Event: 27.599 GC heap before
{Heap before GC invocations=55 (full 0):
 garbage-first heap   total 429056K, used 362084K [0x0000000080000000, 0x0000000100000000)
  region size 1024K, 70 young (71680K), 8 survivors (8192K)
 Metaspace       used 111551K, committed 113600K, reserved 557056K
  class space    used 15584K, committed 16512K, reserved 425984K
}
Event: 27.606 GC heap after
{Heap after GC invocations=56 (full 0):
 garbage-first heap   total 429056K, used 307826K [0x0000000080000000, 0x0000000100000000)
  region size 1024K, 8 young (8192K), 8 survivors (8192K)
 Metaspace       used 111551K, committed 113600K, reserved 557056K
  class space    used 15584K, committed 16512K, reserved 425984K
}
Event: 27.986 GC heap before
{Heap before GC invocations=56 (full 0):
 garbage-first heap   total 429056K, used 364146K [0x0000000080000000, 0x0000000100000000)
  region size 1024K, 64 young (65536K), 8 survivors (8192K)
 Metaspace       used 111643K, committed 113664K, reserved 557056K
  class space    used 15589K, committed 16512K, reserved 425984K
}
Event: 27.991 GC heap after
{Heap after GC invocations=57 (full 0):
 garbage-first heap   total 429056K, used 310251K [0x0000000080000000, 0x0000000100000000)
  region size 1024K, 4 young (4096K), 4 survivors (4096K)
 Metaspace       used 111643K, committed 113664K, reserved 557056K
  class space    used 15589K, committed 16512K, reserved 425984K
}
Event: 28.383 GC heap before
{Heap before GC invocations=57 (full 0):
 garbage-first heap   total 429056K, used 368619K [0x0000000080000000, 0x0000000100000000)
  region size 1024K, 61 young (62464K), 4 survivors (4096K)
 Metaspace       used 111982K, committed 114048K, reserved 557056K
  class space    used 15626K, committed 16576K, reserved 425984K
}
Event: 28.387 GC heap after
{Heap after GC invocations=58 (full 0):
 garbage-first heap   total 429056K, used 313428K [0x0000000080000000, 0x0000000100000000)
  region size 1024K, 8 young (8192K), 8 survivors (8192K)
 Metaspace       used 111982K, committed 114048K, reserved 557056K
  class space    used 15626K, committed 16576K, reserved 425984K
}

